<?xml version="1.0" encoding="UTF-8"?>
<!-- Generated by org.testng.reporters.JUnitReportReporter -->
<testsuite hostname="DESKTOP-BM24KA3" failures="0" tests="2" name="SeleniumFramework.test.ErrorValidation" time="24.466" errors="0" timestamp="2024-03-18T16:49:05 IST" skipped="0">
  <testcase classname="SeleniumFramework.test.ErrorValidation" name="ProducterrorValidation" time="18.466"/>
  <system-out/>
  <testcase classname="SeleniumFramework.test.ErrorValidation" name="loginErrorValidation" time="6.000"/>
  <system-out/>
</testsuite> <!-- SeleniumFramework.test.ErrorValidation -->
