<?xml version="1.0" encoding="UTF-8"?>
<!-- Generated by org.testng.reporters.JUnitReportReporter -->
<testsuite hostname="DESKTOP-BM24KA3" failures="0" tests="2" name="SeleniumFramework.test.ErrorValidationTest" time="20.663" errors="0" timestamp="2024-04-02T16:14:12 IST" skipped="0">
  <testcase classname="SeleniumFramework.test.ErrorValidationTest" name="ProducterrorValidation" time="16.930"/>
  <system-out/>
  <testcase classname="SeleniumFramework.test.ErrorValidationTest" name="loginErrorValidation" time="3.733"/>
  <system-out/>
</testsuite> <!-- SeleniumFramework.test.ErrorValidationTest -->
