<?xml version="1.0" encoding="UTF-8"?>
<!-- Generated by org.testng.reporters.JUnitReportReporter -->
<testsuite hostname="DESKTOP-BM24KA3" failures="0" tests="2" name="SeleniumFramework.test.ErrorValidationTest" time="21.002" errors="0" timestamp="2024-04-03T12:59:45 IST" skipped="0">
  <testcase classname="SeleniumFramework.test.ErrorValidationTest" name="ProducterrorValidation" time="17.015"/>
  <system-out/>
  <testcase classname="SeleniumFramework.test.ErrorValidationTest" name="loginErrorValidation" time="3.987"/>
  <system-out/>
</testsuite> <!-- SeleniumFramework.test.ErrorValidationTest -->
