<?xml version="1.0" encoding="UTF-8"?>
<!-- Generated by org.testng.reporters.JUnitReportReporter -->
<testsuite hostname="DESKTOP-BM24KA3" failures="0" tests="3" name="SeleniumFramework.test.StandAlone" time="46.442" errors="0" timestamp="2024-04-03T12:59:45 IST" skipped="0">
  <testcase classname="SeleniumFramework.test.StandAlone" name="submitOrder" time="18.101"/>
  <system-out/>
  <testcase classname="SeleniumFramework.test.StandAlone" name="orderHistoryTest" time="3.798"/>
  <system-out/>
  <testcase classname="SeleniumFramework.test.StandAlone" name="submitOrder" time="24.543"/>
  <system-out/>
</testsuite> <!-- SeleniumFramework.test.StandAlone -->
